# JRE version: Java(TM) SE Runtime Environment (11.0.6+8) (build 11.0.6+8-LTS)
# Java VM: Java HotSpot(TM) 64-Bit Server VM (11.0.6+8-LTS, mixed mode, tiered, compressed oops, g1 gc, windows-amd64)
Heap:
 garbage-first heap   total 129024K, used 28340K [0x0000000082800000, 0x0000000100000000)
  region size 1024K, 25 young (25600K), 2 survivors (2048K)
 Metaspace       used 23536K, capacity 24122K, committed 24448K, reserved 1071104K
  class space    used 2631K, capacity 2833K, committed 2944K, reserved 1048576K
GC Heap History (6 events):
Event: 1.821 GC heap before
{Heap before GC invocations=0 (full 0):
 garbage-first heap   total 129024K, used 23552K [0x0000000082800000, 0x0000000100000000)
  region size 1024K, 24 young (24576K), 0 survivors (0K)
 Metaspace       used 14137K, capacity 14429K, committed 14592K, reserved 1062912K
  class space    used 1417K, capacity 1509K, committed 1536K, reserved 1048576K
}
Event: 1.828 GC heap after
{Heap after GC invocations=1 (full 0):
 garbage-first heap   total 129024K, used 4810K [0x0000000082800000, 0x0000000100000000)
  region size 1024K, 3 young (3072K), 3 survivors (3072K)
 Metaspace       used 14137K, capacity 14429K, committed 14592K, reserved 1062912K
  class space    used 1417K, capacity 1509K, committed 1536K, reserved 1048576K
}
Event: 2.218 GC heap before
{Heap before GC invocations=1 (full 0):
 garbage-first heap   total 129024K, used 24266K [0x0000000082800000, 0x0000000100000000)
  region size 1024K, 22 young (22528K), 3 survivors (3072K)
 Metaspace       used 18827K, capacity 19205K, committed 19328K, reserved 1067008K
  class space    used 1986K, capacity 2130K, committed 2176K, reserved 1048576K
}
Event: 2.226 GC heap after
{Heap after GC invocations=2 (full 0):
 garbage-first heap   total 129024K, used 5704K [0x0000000082800000, 0x0000000100000000)
  region size 1024K, 1 young (1024K), 1 survivors (1024K)
 Metaspace       used 18827K, capacity 19205K, committed 19328K, reserved 1067008K
  class space    used 1986K, capacity 2130K, committed 2176K, reserved 1048576K
}
Event: 2.432 GC heap before
{Heap before GC invocations=2 (full 0):
 garbage-first heap   total 129024K, used 14920K [0x0000000082800000, 0x0000000100000000)
  region size 1024K, 11 young (11264K), 1 survivors (1024K)
 Metaspace       used 20710K, capacity 21148K, committed 21248K, reserved 1069056K
  class space    used 2270K, capacity 2463K, committed 2560K, reserved 1048576K
}
Event: 2.435 GC heap after
{Heap after GC invocations=3 (full 0):
 garbage-first heap   total 129024K, used 5812K [0x0000000082800000, 0x0000000100000000)
  region size 1024K, 2 young (2048K), 2 survivors (2048K)
 Metaspace       used 20710K, capacity 21148K, committed 21248K, reserved 1069056K
  class space    used 2270K, capacity 2463K, committed 2560K, reserved 1048576K
}

